<?xml version="1.0" ?>
<!DOCTYPE coverage SYSTEM "http://cobertura.sourceforge.net/xml/coverage-04.dtd">
<coverage lines-valid="4"  lines-covered="4"  line-rate="1"  branches-valid="0"  branches-covered="0"  branch-rate="1"  timestamp="1423582368119" complexity="0" version="0.1">
<sources>
	<source>/Users/szilardhuber/Starschema/coffeescriptTesting</source>
</sources>
<packages>
	<package name="coffeescriptTesting"  line-rate="1"  branch-rate="1" >
	<classes>
		<class name="coolClass.coffee"  filename="coolClass.coffee"  line-rate="1"  branch-rate="1" >
		<methods>
			<method name="(anonymous_1)"  hits="1"  signature="()V" >
				<lines><line number="1"  hits="1" /></lines>
			</method>
			<method name="(anonymous_2)"  hits="1"  signature="()V" >
				<lines><line number="1"  hits="1" /></lines>
			</method>
			<method name="Sum"  hits="1"  signature="()V" >
				<lines><line number="0"  hits="1" /></lines>
			</method>
			<method name="(anonymous_4)"  hits="1"  signature="()V" >
				<lines><line number="2"  hits="1" /></lines>
			</method>
		</methods>
		<lines>
			<line number="0"  hits="1"  branch="false" />
			<line number="1"  hits="1"  branch="false" />
			<line number="2"  hits="1"  branch="false" />
			<line number="4"  hits="1"  branch="false" />
		</lines>
		</class>
	</classes>
	</package>
</packages>
</coverage>
